<?xml version="1.0" encoding="UTF-8"?>
<!-- Generated by org.testng.reporters.JUnitXMLReporter -->
<testsuite hostname="DESKTOP-LRTIQQF" name="Test" tests="11" failures="6" timestamp="3 Jul 2021 10:28:47 GMT" time="304.218" errors="0">
  <testcase name="sell_currency" time="18.9" classname="orientexchange.TC_Sell_Currency"/>
  <testcase name="login_page" time="20.904" classname="orientexchange.TC_LoginPage">
    <failure type="org.openqa.selenium.NoSuchElementException" message="Unable to locate element: //div[@class=&amp;apos;alert alert-danger&amp;apos;]//text()//parent::div
For documentation on this error, please visit: https://www.seleniumhq.org/exceptions/no_such_element.html
Build info: version: &amp;apos;3.141.59&amp;apos;, revision: &amp;apos;e82be7d358&amp;apos;, time: &amp;apos;2018-11-14T08:17:03&amp;apos;
System info: host: &amp;apos;DESKTOP-LRTIQQF&amp;apos;, ip: &amp;apos;192.168.225.74&amp;apos;, os.name: &amp;apos;Windows 10&amp;apos;, os.arch: &amp;apos;amd64&amp;apos;, os.version: &amp;apos;10.0&amp;apos;, java.version: &amp;apos;1.8.0_281&amp;apos;
Driver info: org.openqa.selenium.firefox.FirefoxDriver
Capabilities {acceptInsecureCerts: true, browserName: firefox, browserVersion: 89.0.2, javascriptEnabled: true, moz:accessibilityChecks: false, moz:buildID: 20210622155641, moz:geckodriverVersion: 0.29.0, moz:headless: false, moz:processID: 12372, moz:profile: C:\Users\Himanshu\AppData\L..., moz:shutdownTimeout: 60000, moz:useNonSpecCompliantPointerOrigin: false, moz:webdriverClick: true, pageLoadStrategy: normal, platform: WINDOWS, platformName: WINDOWS, platformVersion: 10.0, setWindowRect: true, strictFileInteractability: false, timeouts: {implicit: 0, pageLoad: 300000, script: 30000}, unhandledPromptBehavior: dismiss and notify}
Session ID: 2961b8df-fbb9-4253-aa6b-760403e00550
*** Element info: {Using=xpath, value=//div[@class=&amp;apos;alert alert-danger&amp;apos;]//text()//parent::div}">
      <![CDATA[org.openqa.selenium.NoSuchElementException: Unable to locate element: //div[@class='alert alert-danger']//text()//parent::div
For documentation on this error, please visit: https://www.seleniumhq.org/exceptions/no_such_element.html
Build info: version: '3.141.59', revision: 'e82be7d358', time: '2018-11-14T08:17:03'
System info: host: 'DESKTOP-LRTIQQF', ip: '192.168.225.74', os.name: 'Windows 10', os.arch: 'amd64', os.version: '10.0', java.version: '1.8.0_281'
Driver info: org.openqa.selenium.firefox.FirefoxDriver
Capabilities {acceptInsecureCerts: true, browserName: firefox, browserVersion: 89.0.2, javascriptEnabled: true, moz:accessibilityChecks: false, moz:buildID: 20210622155641, moz:geckodriverVersion: 0.29.0, moz:headless: false, moz:processID: 12372, moz:profile: C:\Users\Himanshu\AppData\L..., moz:shutdownTimeout: 60000, moz:useNonSpecCompliantPointerOrigin: false, moz:webdriverClick: true, pageLoadStrategy: normal, platform: WINDOWS, platformName: WINDOWS, platformVersion: 10.0, setWindowRect: true, strictFileInteractability: false, timeouts: {implicit: 0, pageLoad: 300000, script: 30000}, unhandledPromptBehavior: dismiss and notify}
Session ID: 2961b8df-fbb9-4253-aa6b-760403e00550
*** Element info: {Using=xpath, value=//div[@class='alert alert-danger']//text()//parent::div}
	at org.openqa.selenium.remote.http.W3CHttpResponseCodec.createException(W3CHttpResponseCodec.java:187)
	at org.openqa.selenium.remote.http.W3CHttpResponseCodec.decode(W3CHttpResponseCodec.java:122)
	at org.openqa.selenium.remote.http.W3CHttpResponseCodec.decode(W3CHttpResponseCodec.java:49)
	at org.openqa.selenium.remote.HttpCommandExecutor.execute(HttpCommandExecutor.java:158)
	at org.openqa.selenium.remote.service.DriverCommandExecutor.execute(DriverCommandExecutor.java:83)
	at org.openqa.selenium.remote.RemoteWebDriver.execute(RemoteWebDriver.java:552)
	at org.openqa.selenium.remote.RemoteWebDriver.findElement(RemoteWebDriver.java:323)
	at org.openqa.selenium.remote.RemoteWebDriver.findElementByXPath(RemoteWebDriver.java:428)
	at org.openqa.selenium.By$ByXPath.findElement(By.java:353)
	at org.openqa.selenium.remote.RemoteWebDriver.findElement(RemoteWebDriver.java:315)
	at pageObject.LoginPage.error(LoginPage.java:42)
	at orientexchange.TC_LoginPage.login_page(TC_LoginPage.java:61)
... Removed 32 stack frames]]>
    </failure>
  </testcase> <!-- login_page -->
  <testcase name="login_page" time="7.635" classname="orientexchange.TC_LoginPage">
    <failure type="java.lang.AssertionError" message="The following asserts failed:
	expected [  Email Id or Password does not exist !] but found [  Email Id or Password does not exist. !]">
      <![CDATA[java.lang.AssertionError: The following asserts failed:
	expected [  Email Id or Password does not exist !] but found [  Email Id or Password does not exist. !]
	at orientexchange.TC_LoginPage.login_page(TC_LoginPage.java:64)
... Removed 29 stack frames]]>
    </failure>
  </testcase> <!-- login_page -->
  <testcase name="login_page" time="7.449" classname="orientexchange.TC_LoginPage">
    <failure type="java.lang.AssertionError" message="The following asserts failed:
	expected [  Email Id or Password does not exist !] but found [  Email Id or Password does not exist. !]">
      <![CDATA[java.lang.AssertionError: The following asserts failed:
	expected [  Email Id or Password does not exist !] but found [  Email Id or Password does not exist. !]
	at orientexchange.TC_LoginPage.login_page(TC_LoginPage.java:64)
... Removed 29 stack frames]]>
    </failure>
  </testcase> <!-- login_page -->
  <testcase name="login_page" time="8.156" classname="orientexchange.TC_LoginPage">
    <failure type="java.lang.AssertionError" message="The following asserts failed:
	expected [  Email Id or Password does not exist !] but found [  Email Id or Password does not exist. !]">
      <![CDATA[java.lang.AssertionError: The following asserts failed:
	expected [  Email Id or Password does not exist !] but found [  Email Id or Password does not exist. !]
	at orientexchange.TC_LoginPage.login_page(TC_LoginPage.java:64)
... Removed 29 stack frames]]>
    </failure>
  </testcase> <!-- login_page -->
  <testcase name="getTitleverify" time="0.031" classname="orientexchange.TC_HomePage"/>
  <testcase name="home_page" time="7.303" classname="orientexchange.TC_HomePage"/>
  <testcase name="Directpay" time="4.903" classname="orientexchange.TC_HomePage"/>
  <testcase name="OurServices" time="5.882" classname="orientexchange.TC_HomePage">
    <failure type="org.openqa.selenium.interactions.MoveTargetOutOfBoundsException" message="(262, 1148) is out of bounds of viewport width (1366) and height (643)
Build info: version: &amp;apos;3.141.59&amp;apos;, revision: &amp;apos;e82be7d358&amp;apos;, time: &amp;apos;2018-11-14T08:17:03&amp;apos;
System info: host: &amp;apos;DESKTOP-LRTIQQF&amp;apos;, ip: &amp;apos;192.168.225.74&amp;apos;, os.name: &amp;apos;Windows 10&amp;apos;, os.arch: &amp;apos;amd64&amp;apos;, os.version: &amp;apos;10.0&amp;apos;, java.version: &amp;apos;1.8.0_281&amp;apos;
Driver info: org.openqa.selenium.firefox.FirefoxDriver
Capabilities {acceptInsecureCerts: true, browserName: firefox, browserVersion: 89.0.2, javascriptEnabled: true, moz:accessibilityChecks: false, moz:buildID: 20210622155641, moz:geckodriverVersion: 0.29.0, moz:headless: false, moz:processID: 6688, moz:profile: C:\Users\Himanshu\AppData\L..., moz:shutdownTimeout: 60000, moz:useNonSpecCompliantPointerOrigin: false, moz:webdriverClick: true, pageLoadStrategy: normal, platform: WINDOWS, platformName: WINDOWS, platformVersion: 10.0, setWindowRect: true, strictFileInteractability: false, timeouts: {implicit: 0, pageLoad: 300000, script: 30000}, unhandledPromptBehavior: dismiss and notify}
Session ID: ca39635e-d7bd-4c67-92c6-ef5a65b5e5f6">
      <![CDATA[org.openqa.selenium.interactions.MoveTargetOutOfBoundsException: (262, 1148) is out of bounds of viewport width (1366) and height (643)
Build info: version: '3.141.59', revision: 'e82be7d358', time: '2018-11-14T08:17:03'
System info: host: 'DESKTOP-LRTIQQF', ip: '192.168.225.74', os.name: 'Windows 10', os.arch: 'amd64', os.version: '10.0', java.version: '1.8.0_281'
Driver info: org.openqa.selenium.firefox.FirefoxDriver
Capabilities {acceptInsecureCerts: true, browserName: firefox, browserVersion: 89.0.2, javascriptEnabled: true, moz:accessibilityChecks: false, moz:buildID: 20210622155641, moz:geckodriverVersion: 0.29.0, moz:headless: false, moz:processID: 6688, moz:profile: C:\Users\Himanshu\AppData\L..., moz:shutdownTimeout: 60000, moz:useNonSpecCompliantPointerOrigin: false, moz:webdriverClick: true, pageLoadStrategy: normal, platform: WINDOWS, platformName: WINDOWS, platformVersion: 10.0, setWindowRect: true, strictFileInteractability: false, timeouts: {implicit: 0, pageLoad: 300000, script: 30000}, unhandledPromptBehavior: dismiss and notify}
Session ID: ca39635e-d7bd-4c67-92c6-ef5a65b5e5f6
	at org.openqa.selenium.remote.http.W3CHttpResponseCodec.createException(W3CHttpResponseCodec.java:187)
	at org.openqa.selenium.remote.http.W3CHttpResponseCodec.decode(W3CHttpResponseCodec.java:122)
	at org.openqa.selenium.remote.http.W3CHttpResponseCodec.decode(W3CHttpResponseCodec.java:49)
	at org.openqa.selenium.remote.HttpCommandExecutor.execute(HttpCommandExecutor.java:158)
	at org.openqa.selenium.remote.service.DriverCommandExecutor.execute(DriverCommandExecutor.java:83)
	at org.openqa.selenium.remote.RemoteWebDriver.execute(RemoteWebDriver.java:552)
	at org.openqa.selenium.remote.RemoteWebDriver.perform(RemoteWebDriver.java:618)
	at org.openqa.selenium.interactions.Actions$BuiltAction.perform(Actions.java:639)
	at orientexchange.TC_HomePage.OurServices(TC_HomePage.java:73)
... Removed 32 stack frames]]>
    </failure>
  </testcase> <!-- OurServices -->
  <testcase name="ValidateOffers" time="4.706" classname="orientexchange.TC_HomePage"/>
  <testcase name="validateTellno" time="8.371" classname="orientexchange.TC_HomePage">
    <failure type="java.lang.AssertionError" message="expected [8884445321] but found [080-46003700/ 3737800]">
      <![CDATA[java.lang.AssertionError: expected [8884445321] but found [080-46003700/ 3737800]
	at orientexchange.TC_HomePage.validateTellno(TC_HomePage.java:91)
... Removed 33 stack frames]]>
    </failure>
  </testcase> <!-- validateTellno -->
</testsuite> <!-- Test -->
