<?xml version="1.0" encoding="UTF-8"?>
<testsuite xmlns:xsi="http://www.w3.org/2001/XMLSchema-instance" xsi:noNamespaceSchemaLocation="https://maven.apache.org/surefire/maven-surefire-plugin/xsd/surefire-test-report-3.0.xsd" version="3.0" name="TestSuite" time="232.089" tests="11" errors="0" skipped="0" failures="5">
  <properties>
[...]
</properties>
  <testcase name="sell_currency[it@orientexchange.in, orient@123](1)" classname="orientexchange.TC_Sell_Currency" time="17.206">
    <system-err><![CDATA[Starting ChromeDriver 90.0.4430.24 (4c6d850f087da467d926e8eddb76550aed655991-refs/branch-heads/4430@{#429}) on port 27686
Only local connections are allowed.
Please see https://chromedriver.chromium.org/security-considerations for suggestions on keeping ChromeDriver safe.
ChromeDriver was started successfully.
[1625170539.272][WARNING]: This version of ChromeDriver has not been tested with Chrome version 91.
Jul 02, 2021 1:45:39 AM org.openqa.selenium.remote.ProtocolHandshake createSession
INFO: Detected dialect: W3C
]]></system-err>
  </testcase>
  <testcase name="login_page[it@orientexchange.in, orient@123](1)" classname="orientexchange.TC_LoginPage" time="17.513">
    <failure message="no such element: Unable to locate element: {&quot;method&quot;:&quot;xpath&quot;,&quot;selector&quot;:&quot;//div[@class=&apos;alert alert-danger&apos;]//text()//parent::div&quot;}&#10;  (Session info: chrome=91.0.4472.124)&#10;For documentation on this error, please visit: https://www.seleniumhq.org/exceptions/no_such_element.html&#10;Build info: version: &apos;3.141.59&apos;, revision: &apos;e82be7d358&apos;, time: &apos;2018-11-14T08:17:03&apos;&#10;System info: host: &apos;DESKTOP-LRTIQQF&apos;, ip: &apos;192.168.0.102&apos;, os.name: &apos;Windows 10&apos;, os.arch: &apos;amd64&apos;, os.version: &apos;10.0&apos;, java.version: &apos;1.8.0_281&apos;&#10;Driver info: org.openqa.selenium.chrome.ChromeDriver&#10;Capabilities {acceptInsecureCerts: false, browserName: chrome, browserVersion: 91.0.4472.124, chrome: {chromedriverVersion: 90.0.4430.24 (4c6d850f087da..., userDataDir: C:\Users\Himanshu\AppData\L...}, goog:chromeOptions: {debuggerAddress: localhost:63658}, javascriptEnabled: true, networkConnectionEnabled: false, pageLoadStrategy: normal, platform: WINDOWS, platformName: WINDOWS, proxy: Proxy(), setWindowRect: true, strictFileInteractability: false, timeouts: {implicit: 0, pageLoad: 300000, script: 30000}, unhandledPromptBehavior: dismiss and notify, webauthn:extension:largeBlob: true, webauthn:virtualAuthenticators: true}&#10;Session ID: c136d8b74670bcdbb5732f559b38a35a&#10;*** Element info: {Using=xpath, value=//div[@class=&apos;alert alert-danger&apos;]//text()//parent::div}" type="org.openqa.selenium.NoSuchElementException"><![CDATA[org.openqa.selenium.NoSuchElementException: 
no such element: Unable to locate element: {"method":"xpath","selector":"//div[@class='alert alert-danger']//text()//parent::div"}
  (Session info: chrome=91.0.4472.124)
For documentation on this error, please visit: https://www.seleniumhq.org/exceptions/no_such_element.html
Build info: version: '3.141.59', revision: 'e82be7d358', time: '2018-11-14T08:17:03'
System info: host: 'DESKTOP-LRTIQQF', ip: '192.168.0.102', os.name: 'Windows 10', os.arch: 'amd64', os.version: '10.0', java.version: '1.8.0_281'
Driver info: org.openqa.selenium.chrome.ChromeDriver
Capabilities {acceptInsecureCerts: false, browserName: chrome, browserVersion: 91.0.4472.124, chrome: {chromedriverVersion: 90.0.4430.24 (4c6d850f087da..., userDataDir: C:\Users\Himanshu\AppData\L...}, goog:chromeOptions: {debuggerAddress: localhost:63658}, javascriptEnabled: true, networkConnectionEnabled: false, pageLoadStrategy: normal, platform: WINDOWS, platformName: WINDOWS, proxy: Proxy(), setWindowRect: true, strictFileInteractability: false, timeouts: {implicit: 0, pageLoad: 300000, script: 30000}, unhandledPromptBehavior: dismiss and notify, webauthn:extension:largeBlob: true, webauthn:virtualAuthenticators: true}
Session ID: c136d8b74670bcdbb5732f559b38a35a
*** Element info: {Using=xpath, value=//div[@class='alert alert-danger']//text()//parent::div}
	at orientexchange.TC_LoginPage.login_page(TC_LoginPage.java:61)
]]></failure>
    <system-out><![CDATA[row_count 3
cell_count 2
]]></system-out>
    <system-err><![CDATA[Starting ChromeDriver 90.0.4430.24 (4c6d850f087da467d926e8eddb76550aed655991-refs/branch-heads/4430@{#429}) on port 29944
Only local connections are allowed.
Please see https://chromedriver.chromium.org/security-considerations for suggestions on keeping ChromeDriver safe.
ChromeDriver was started successfully.
[1625170567.308][WARNING]: This version of ChromeDriver has not been tested with Chrome version 91.
Jul 02, 2021 1:46:07 AM org.openqa.selenium.remote.ProtocolHandshake createSession
INFO: Detected dialect: W3C
]]></system-err>
  </testcase>
  <testcase name="login_page[i@orientexchange.in, orient@123](2)" classname="orientexchange.TC_LoginPage" time="7.979">
    <failure message="The following asserts failed:&#10;	expected [  Email Id or Password does not exist !] but found [  Email Id or Password does not exist. !]" type="java.lang.AssertionError"><![CDATA[java.lang.AssertionError: 
The following asserts failed:
	expected [  Email Id or Password does not exist !] but found [  Email Id or Password does not exist. !]
	at orientexchange.TC_LoginPage.login_page(TC_LoginPage.java:64)
]]></failure>
    <system-err><![CDATA[Starting ChromeDriver 90.0.4430.24 (4c6d850f087da467d926e8eddb76550aed655991-refs/branch-heads/4430@{#429}) on port 17235
Only local connections are allowed.
Please see https://chromedriver.chromium.org/security-considerations for suggestions on keeping ChromeDriver safe.
ChromeDriver was started successfully.
[1625170596.635][WARNING]: This version of ChromeDriver has not been tested with Chrome version 91.
Jul 02, 2021 1:46:36 AM org.openqa.selenium.remote.ProtocolHandshake createSession
INFO: Detected dialect: W3C
]]></system-err>
  </testcase>
  <testcase name="login_page[it@orientexchange.in, orient@13](3)" classname="orientexchange.TC_LoginPage" time="9.379">
    <failure message="The following asserts failed:&#10;	expected [  Email Id or Password does not exist !] but found [  Email Id or Password does not exist. !]" type="java.lang.AssertionError"><![CDATA[java.lang.AssertionError: 
The following asserts failed:
	expected [  Email Id or Password does not exist !] but found [  Email Id or Password does not exist. !]
	at orientexchange.TC_LoginPage.login_page(TC_LoginPage.java:64)
]]></failure>
    <system-err><![CDATA[Starting ChromeDriver 90.0.4430.24 (4c6d850f087da467d926e8eddb76550aed655991-refs/branch-heads/4430@{#429}) on port 3938
Only local connections are allowed.
Please see https://chromedriver.chromium.org/security-considerations for suggestions on keeping ChromeDriver safe.
ChromeDriver was started successfully.
[1625170615.980][WARNING]: This version of ChromeDriver has not been tested with Chrome version 91.
Jul 02, 2021 1:46:56 AM org.openqa.selenium.remote.ProtocolHandshake createSession
INFO: Detected dialect: W3C
]]></system-err>
  </testcase>
  <testcase name="login_page[i@orientexchange.in, orient@12](4)" classname="orientexchange.TC_LoginPage" time="8.492">
    <failure message="The following asserts failed:&#10;	expected [  Email Id or Password does not exist !] but found [  Email Id or Password does not exist. !]" type="java.lang.AssertionError"><![CDATA[java.lang.AssertionError: 
The following asserts failed:
	expected [  Email Id or Password does not exist !] but found [  Email Id or Password does not exist. !]
	at orientexchange.TC_LoginPage.login_page(TC_LoginPage.java:64)
]]></failure>
    <system-err><![CDATA[Starting ChromeDriver 90.0.4430.24 (4c6d850f087da467d926e8eddb76550aed655991-refs/branch-heads/4430@{#429}) on port 32015
Only local connections are allowed.
Please see https://chromedriver.chromium.org/security-considerations for suggestions on keeping ChromeDriver safe.
ChromeDriver was started successfully.
[1625170636.055][WARNING]: This version of ChromeDriver has not been tested with Chrome version 91.
Jul 02, 2021 1:47:16 AM org.openqa.selenium.remote.ProtocolHandshake createSession
INFO: Detected dialect: W3C
]]></system-err>
  </testcase>
  <testcase name="getTitleverify" classname="orientexchange.TC_HomePage" time="0.023">
    <system-out><![CDATA[Orientexchange - Buy & Sell Forex Online | Foreign Currency Exchange
]]></system-out>
    <system-err><![CDATA[Starting ChromeDriver 90.0.4430.24 (4c6d850f087da467d926e8eddb76550aed655991-refs/branch-heads/4430@{#429}) on port 35451
Only local connections are allowed.
Please see https://chromedriver.chromium.org/security-considerations for suggestions on keeping ChromeDriver safe.
ChromeDriver was started successfully.
[1625170656.803][WARNING]: This version of ChromeDriver has not been tested with Chrome version 91.
Jul 02, 2021 1:47:36 AM org.openqa.selenium.remote.ProtocolHandshake createSession
INFO: Detected dialect: W3C
]]></system-err>
  </testcase>
  <testcase name="home_page" classname="orientexchange.TC_HomePage" time="6.122">
    <system-err><![CDATA[Starting ChromeDriver 90.0.4430.24 (4c6d850f087da467d926e8eddb76550aed655991-refs/branch-heads/4430@{#429}) on port 32692
Only local connections are allowed.
Please see https://chromedriver.chromium.org/security-considerations for suggestions on keeping ChromeDriver safe.
ChromeDriver was started successfully.
[1625170669.218][WARNING]: This version of ChromeDriver has not been tested with Chrome version 91.
Jul 02, 2021 1:47:49 AM org.openqa.selenium.remote.ProtocolHandshake createSession
INFO: Detected dialect: W3C
]]></system-err>
  </testcase>
  <testcase name="Directpay" classname="orientexchange.TC_HomePage" time="7.358">
    <system-err><![CDATA[Starting ChromeDriver 90.0.4430.24 (4c6d850f087da467d926e8eddb76550aed655991-refs/branch-heads/4430@{#429}) on port 23971
Only local connections are allowed.
Please see https://chromedriver.chromium.org/security-considerations for suggestions on keeping ChromeDriver safe.
ChromeDriver was started successfully.
[1625170688.379][WARNING]: This version of ChromeDriver has not been tested with Chrome version 91.
Jul 02, 2021 1:48:08 AM org.openqa.selenium.remote.ProtocolHandshake createSession
INFO: Detected dialect: W3C
]]></system-err>
  </testcase>
  <testcase name="OurServices" classname="orientexchange.TC_HomePage" time="10.292">
    <system-err><![CDATA[Starting ChromeDriver 90.0.4430.24 (4c6d850f087da467d926e8eddb76550aed655991-refs/branch-heads/4430@{#429}) on port 40100
Only local connections are allowed.
Please see https://chromedriver.chromium.org/security-considerations for suggestions on keeping ChromeDriver safe.
ChromeDriver was started successfully.
[1625170711.457][WARNING]: This version of ChromeDriver has not been tested with Chrome version 91.
Jul 02, 2021 1:48:31 AM org.openqa.selenium.remote.ProtocolHandshake createSession
INFO: Detected dialect: W3C
]]></system-err>
  </testcase>
  <testcase name="ValidateOffers" classname="orientexchange.TC_HomePage" time="5.529">
    <system-err><![CDATA[Starting ChromeDriver 90.0.4430.24 (4c6d850f087da467d926e8eddb76550aed655991-refs/branch-heads/4430@{#429}) on port 45429
Only local connections are allowed.
Please see https://chromedriver.chromium.org/security-considerations for suggestions on keeping ChromeDriver safe.
ChromeDriver was started successfully.
[1625170734.093][WARNING]: This version of ChromeDriver has not been tested with Chrome version 91.
Jul 02, 2021 1:48:54 AM org.openqa.selenium.remote.ProtocolHandshake createSession
INFO: Detected dialect: W3C
]]></system-err>
  </testcase>
  <testcase name="validateTellno" classname="orientexchange.TC_HomePage" time="3.487">
    <failure message="expected [8884445321] but found [080-46003700/ 3737800]" type="java.lang.AssertionError"><![CDATA[java.lang.AssertionError: expected [8884445321] but found [080-46003700/ 3737800]
	at orientexchange.TC_HomePage.validateTellno(TC_HomePage.java:91)
]]></failure>
    <system-err><![CDATA[Starting ChromeDriver 90.0.4430.24 (4c6d850f087da467d926e8eddb76550aed655991-refs/branch-heads/4430@{#429}) on port 15832
Only local connections are allowed.
Please see https://chromedriver.chromium.org/security-considerations for suggestions on keeping ChromeDriver safe.
ChromeDriver was started successfully.
[1625170752.562][WARNING]: This version of ChromeDriver has not been tested with Chrome version 91.
Jul 02, 2021 1:49:12 AM org.openqa.selenium.remote.ProtocolHandshake createSession
INFO: Detected dialect: W3C
]]></system-err>
  </testcase>
</testsuite>