<?xml version="1.0" encoding="UTF-8"?>
<testng-results skipped="0" failed="5" total="11" passed="6">
  <reporter-output>
  </reporter-output>
  <suite name="Suite" duration-ms="228445" started-at="2021-07-01T20:15:37Z" finished-at="2021-07-01T20:19:25Z">
    <groups>
    </groups>
    <test name="Test" duration-ms="228445" started-at="2021-07-01T20:15:37Z" finished-at="2021-07-01T20:19:25Z">
      <class name="orientexchange.TC_HomePage">
        <test-method status="PASS" signature="properties()[pri:0, instance:orientexchange.TC_HomePage@24c22fe]" name="properties" is-config="true" duration-ms="1" started-at="2021-07-02T01:47:35Z" finished-at="2021-07-02T01:47:35Z">
          <reporter-output>
          </reporter-output>
        </test-method> <!-- properties -->
        <test-method status="PASS" signature="initdriver()[pri:0, instance:orientexchange.TC_HomePage@24c22fe]" name="initdriver" is-config="true" duration-ms="10191" started-at="2021-07-02T01:47:35Z" finished-at="2021-07-02T01:47:45Z">
          <reporter-output>
          </reporter-output>
        </test-method> <!-- initdriver -->
        <test-method status="PASS" signature="getTitleverify()[pri:1, instance:orientexchange.TC_HomePage@24c22fe]" name="getTitleverify" duration-ms="43" started-at="2021-07-02T01:47:45Z" finished-at="2021-07-02T01:47:45Z">
          <reporter-output>
          </reporter-output>
        </test-method> <!-- getTitleverify -->
        <test-method status="PASS" signature="teardown()[pri:0, instance:orientexchange.TC_HomePage@24c22fe]" name="teardown" is-config="true" duration-ms="1572" started-at="2021-07-02T01:47:46Z" finished-at="2021-07-02T01:47:47Z">
          <reporter-output>
          </reporter-output>
        </test-method> <!-- teardown -->
        <test-method status="PASS" signature="initdriver()[pri:0, instance:orientexchange.TC_HomePage@24c22fe]" name="initdriver" is-config="true" duration-ms="11069" started-at="2021-07-02T01:47:47Z" finished-at="2021-07-02T01:47:58Z">
          <reporter-output>
          </reporter-output>
        </test-method> <!-- initdriver -->
        <test-method status="PASS" signature="home_page()[pri:2, instance:orientexchange.TC_HomePage@24c22fe]" name="home_page" duration-ms="6129" started-at="2021-07-02T01:47:58Z" finished-at="2021-07-02T01:48:04Z">
          <reporter-output>
          </reporter-output>
        </test-method> <!-- home_page -->
        <test-method status="PASS" signature="teardown()[pri:0, instance:orientexchange.TC_HomePage@24c22fe]" name="teardown" is-config="true" duration-ms="1086" started-at="2021-07-02T01:48:05Z" finished-at="2021-07-02T01:48:06Z">
          <reporter-output>
          </reporter-output>
        </test-method> <!-- teardown -->
        <test-method status="PASS" signature="initdriver()[pri:0, instance:orientexchange.TC_HomePage@24c22fe]" name="initdriver" is-config="true" duration-ms="13169" started-at="2021-07-02T01:48:06Z" finished-at="2021-07-02T01:48:19Z">
          <reporter-output>
          </reporter-output>
        </test-method> <!-- initdriver -->
        <test-method status="PASS" signature="Directpay()[pri:3, instance:orientexchange.TC_HomePage@24c22fe]" name="Directpay" duration-ms="7371" started-at="2021-07-02T01:48:19Z" finished-at="2021-07-02T01:48:27Z">
          <reporter-output>
          </reporter-output>
        </test-method> <!-- Directpay -->
        <test-method status="PASS" signature="teardown()[pri:0, instance:orientexchange.TC_HomePage@24c22fe]" name="teardown" is-config="true" duration-ms="1322" started-at="2021-07-02T01:48:28Z" finished-at="2021-07-02T01:48:29Z">
          <reporter-output>
          </reporter-output>
        </test-method> <!-- teardown -->
        <test-method status="PASS" signature="initdriver()[pri:0, instance:orientexchange.TC_HomePage@24c22fe]" name="initdriver" is-config="true" duration-ms="10745" started-at="2021-07-02T01:48:29Z" finished-at="2021-07-02T01:48:40Z">
          <reporter-output>
          </reporter-output>
        </test-method> <!-- initdriver -->
        <test-method status="PASS" signature="OurServices()[pri:4, instance:orientexchange.TC_HomePage@24c22fe]" name="OurServices" duration-ms="10298" started-at="2021-07-02T01:48:40Z" finished-at="2021-07-02T01:48:50Z">
          <reporter-output>
          </reporter-output>
        </test-method> <!-- OurServices -->
        <test-method status="PASS" signature="teardown()[pri:0, instance:orientexchange.TC_HomePage@24c22fe]" name="teardown" is-config="true" duration-ms="872" started-at="2021-07-02T01:48:51Z" finished-at="2021-07-02T01:48:52Z">
          <reporter-output>
          </reporter-output>
        </test-method> <!-- teardown -->
        <test-method status="PASS" signature="initdriver()[pri:0, instance:orientexchange.TC_HomePage@24c22fe]" name="initdriver" is-config="true" duration-ms="11767" started-at="2021-07-02T01:48:52Z" finished-at="2021-07-02T01:49:04Z">
          <reporter-output>
          </reporter-output>
        </test-method> <!-- initdriver -->
        <test-method status="PASS" signature="ValidateOffers()[pri:5, instance:orientexchange.TC_HomePage@24c22fe]" name="ValidateOffers" duration-ms="5541" started-at="2021-07-02T01:49:04Z" finished-at="2021-07-02T01:49:09Z">
          <reporter-output>
          </reporter-output>
        </test-method> <!-- ValidateOffers -->
        <test-method status="PASS" signature="teardown()[pri:0, instance:orientexchange.TC_HomePage@24c22fe]" name="teardown" is-config="true" duration-ms="820" started-at="2021-07-02T01:49:10Z" finished-at="2021-07-02T01:49:11Z">
          <reporter-output>
          </reporter-output>
        </test-method> <!-- teardown -->
        <test-method status="PASS" signature="initdriver()[pri:0, instance:orientexchange.TC_HomePage@24c22fe]" name="initdriver" is-config="true" duration-ms="9706" started-at="2021-07-02T01:49:11Z" finished-at="2021-07-02T01:49:20Z">
          <reporter-output>
          </reporter-output>
        </test-method> <!-- initdriver -->
        <test-method status="FAIL" signature="validateTellno()[pri:6, instance:orientexchange.TC_HomePage@24c22fe]" name="validateTellno" duration-ms="3492" started-at="2021-07-02T01:49:20Z" finished-at="2021-07-02T01:49:24Z">
          <exception class="java.lang.AssertionError">
            <message>
              <![CDATA[expected [8884445321] but found [080-46003700/ 3737800]]]>
            </message>
            <full-stacktrace>
              <![CDATA[java.lang.AssertionError: expected [8884445321] but found [080-46003700/ 3737800]
	at org.testng.Assert.fail(Assert.java:94)
	at org.testng.Assert.failNotEquals(Assert.java:496)
	at org.testng.Assert.assertEquals(Assert.java:125)
	at org.testng.Assert.assertEquals(Assert.java:178)
	at org.testng.Assert.assertEquals(Assert.java:188)
	at orientexchange.TC_HomePage.validateTellno(TC_HomePage.java:91)
	at sun.reflect.NativeMethodAccessorImpl.invoke0(Native Method)
	at sun.reflect.NativeMethodAccessorImpl.invoke(NativeMethodAccessorImpl.java:62)
	at sun.reflect.DelegatingMethodAccessorImpl.invoke(DelegatingMethodAccessorImpl.java:43)
	at java.lang.reflect.Method.invoke(Method.java:498)
	at org.testng.internal.MethodInvocationHelper.invokeMethod(MethodInvocationHelper.java:85)
	at org.testng.internal.Invoker.invokeMethod(Invoker.java:639)
	at org.testng.internal.Invoker.invokeTestMethod(Invoker.java:816)
	at org.testng.internal.Invoker.invokeTestMethods(Invoker.java:1124)
	at org.testng.internal.TestMethodWorker.invokeTestMethods(TestMethodWorker.java:125)
	at org.testng.internal.TestMethodWorker.run(TestMethodWorker.java:108)
	at org.testng.TestRunner.privateRun(TestRunner.java:774)
	at org.testng.TestRunner.run(TestRunner.java:624)
	at org.testng.SuiteRunner.runTest(SuiteRunner.java:359)
	at org.testng.SuiteRunner.runSequentially(SuiteRunner.java:354)
	at org.testng.SuiteRunner.privateRun(SuiteRunner.java:312)
	at org.testng.SuiteRunner.run(SuiteRunner.java:261)
	at org.testng.SuiteRunnerWorker.runSuite(SuiteRunnerWorker.java:52)
	at org.testng.SuiteRunnerWorker.run(SuiteRunnerWorker.java:86)
	at org.testng.TestNG.runSuitesSequentially(TestNG.java:1191)
	at org.testng.TestNG.runSuitesLocally(TestNG.java:1116)
	at org.testng.TestNG.run(TestNG.java:1024)
	at org.apache.maven.surefire.testng.TestNGExecutor.run(TestNGExecutor.java:284)
	at org.apache.maven.surefire.testng.TestNGXmlTestSuite.execute(TestNGXmlTestSuite.java:75)
	at org.apache.maven.surefire.testng.TestNGProvider.invoke(TestNGProvider.java:119)
	at org.apache.maven.surefire.booter.ForkedBooter.runSuitesInProcess(ForkedBooter.java:428)
	at org.apache.maven.surefire.booter.ForkedBooter.execute(ForkedBooter.java:162)
	at org.apache.maven.surefire.booter.ForkedBooter.run(ForkedBooter.java:562)
	at org.apache.maven.surefire.booter.ForkedBooter.main(ForkedBooter.java:548)
]]>
            </full-stacktrace>
          </exception> <!-- java.lang.AssertionError -->
          <reporter-output>
          </reporter-output>
        </test-method> <!-- validateTellno -->
        <test-method status="PASS" signature="teardown()[pri:0, instance:orientexchange.TC_HomePage@24c22fe]" name="teardown" is-config="true" duration-ms="805" started-at="2021-07-02T01:49:24Z" finished-at="2021-07-02T01:49:25Z">
          <reporter-output>
          </reporter-output>
        </test-method> <!-- teardown -->
      </class> <!-- orientexchange.TC_HomePage -->
      <class name="orientexchange.TC_Sell_Currency">
        <test-method status="PASS" signature="properties()[pri:0, instance:orientexchange.TC_Sell_Currency@93081b6]" name="properties" is-config="true" duration-ms="7" started-at="2021-07-02T01:45:37Z" finished-at="2021-07-02T01:45:37Z">
          <reporter-output>
          </reporter-output>
        </test-method> <!-- properties -->
        <test-method status="PASS" signature="initiate()[pri:0, instance:orientexchange.TC_Sell_Currency@93081b6]" name="initiate" is-config="true" duration-ms="9133" started-at="2021-07-02T01:45:37Z" finished-at="2021-07-02T01:45:46Z">
          <reporter-output>
          </reporter-output>
        </test-method> <!-- initiate -->
        <test-method status="PASS" signature="sell_currency(java.lang.String, java.lang.String)[pri:0, instance:orientexchange.TC_Sell_Currency@93081b6]" name="sell_currency" duration-ms="17252" started-at="2021-07-02T01:45:46Z" data-provider="getData" finished-at="2021-07-02T01:46:03Z">
          <params>
            <param index="0">
              <value>
                <![CDATA[it@orientexchange.in]]>
              </value>
            </param>
            <param index="1">
              <value>
                <![CDATA[orient@123]]>
              </value>
            </param>
          </params>
          <reporter-output>
          </reporter-output>
        </test-method> <!-- sell_currency -->
        <test-method status="PASS" signature="teardown()[pri:0, instance:orientexchange.TC_Sell_Currency@93081b6]" name="teardown" is-config="true" duration-ms="1028" started-at="2021-07-02T01:46:04Z" finished-at="2021-07-02T01:46:05Z">
          <reporter-output>
          </reporter-output>
        </test-method> <!-- teardown -->
      </class> <!-- orientexchange.TC_Sell_Currency -->
      <class name="orientexchange.TC_LoginPage">
        <test-method status="PASS" signature="properties()[pri:0, instance:orientexchange.TC_LoginPage@cd1e646]" name="properties" is-config="true" duration-ms="1" started-at="2021-07-02T01:46:05Z" finished-at="2021-07-02T01:46:05Z">
          <reporter-output>
          </reporter-output>
        </test-method> <!-- properties -->
        <test-method status="PASS" signature="initdriver()[pri:0, instance:orientexchange.TC_LoginPage@cd1e646]" name="initdriver" is-config="true" duration-ms="9704" started-at="2021-07-02T01:46:05Z" finished-at="2021-07-02T01:46:15Z">
          <reporter-output>
          </reporter-output>
        </test-method> <!-- initdriver -->
        <test-method status="FAIL" signature="login_page(java.lang.String, java.lang.String)[pri:0, instance:orientexchange.TC_LoginPage@cd1e646]" name="login_page" duration-ms="17521" started-at="2021-07-02T01:46:15Z" data-provider="Getdata" finished-at="2021-07-02T01:46:33Z">
          <params>
            <param index="0">
              <value>
                <![CDATA[it@orientexchange.in]]>
              </value>
            </param>
            <param index="1">
              <value>
                <![CDATA[orient@123]]>
              </value>
            </param>
          </params>
          <exception class="org.openqa.selenium.NoSuchElementException">
            <message>
              <![CDATA[no such element: Unable to locate element: {"method":"xpath","selector":"//div[@class='alert alert-danger']//text()//parent::div"}
  (Session info: chrome=91.0.4472.124)
For documentation on this error, please visit: https://www.seleniumhq.org/exceptions/no_such_element.html
Build info: version: '3.141.59', revision: 'e82be7d358', time: '2018-11-14T08:17:03'
System info: host: 'DESKTOP-LRTIQQF', ip: '192.168.0.102', os.name: 'Windows 10', os.arch: 'amd64', os.version: '10.0', java.version: '1.8.0_281'
Driver info: org.openqa.selenium.chrome.ChromeDriver
Capabilities {acceptInsecureCerts: false, browserName: chrome, browserVersion: 91.0.4472.124, chrome: {chromedriverVersion: 90.0.4430.24 (4c6d850f087da..., userDataDir: C:\Users\Himanshu\AppData\L...}, goog:chromeOptions: {debuggerAddress: localhost:63658}, javascriptEnabled: true, networkConnectionEnabled: false, pageLoadStrategy: normal, platform: WINDOWS, platformName: WINDOWS, proxy: Proxy(), setWindowRect: true, strictFileInteractability: false, timeouts: {implicit: 0, pageLoad: 300000, script: 30000}, unhandledPromptBehavior: dismiss and notify, webauthn:extension:largeBlob: true, webauthn:virtualAuthenticators: true}
Session ID: c136d8b74670bcdbb5732f559b38a35a
*** Element info: {Using=xpath, value=//div[@class='alert alert-danger']//text()//parent::div}]]>
            </message>
            <full-stacktrace>
              <![CDATA[org.openqa.selenium.NoSuchElementException: no such element: Unable to locate element: {"method":"xpath","selector":"//div[@class='alert alert-danger']//text()//parent::div"}
  (Session info: chrome=91.0.4472.124)
For documentation on this error, please visit: https://www.seleniumhq.org/exceptions/no_such_element.html
Build info: version: '3.141.59', revision: 'e82be7d358', time: '2018-11-14T08:17:03'
System info: host: 'DESKTOP-LRTIQQF', ip: '192.168.0.102', os.name: 'Windows 10', os.arch: 'amd64', os.version: '10.0', java.version: '1.8.0_281'
Driver info: org.openqa.selenium.chrome.ChromeDriver
Capabilities {acceptInsecureCerts: false, browserName: chrome, browserVersion: 91.0.4472.124, chrome: {chromedriverVersion: 90.0.4430.24 (4c6d850f087da..., userDataDir: C:\Users\Himanshu\AppData\L...}, goog:chromeOptions: {debuggerAddress: localhost:63658}, javascriptEnabled: true, networkConnectionEnabled: false, pageLoadStrategy: normal, platform: WINDOWS, platformName: WINDOWS, proxy: Proxy(), setWindowRect: true, strictFileInteractability: false, timeouts: {implicit: 0, pageLoad: 300000, script: 30000}, unhandledPromptBehavior: dismiss and notify, webauthn:extension:largeBlob: true, webauthn:virtualAuthenticators: true}
Session ID: c136d8b74670bcdbb5732f559b38a35a
*** Element info: {Using=xpath, value=//div[@class='alert alert-danger']//text()//parent::div}
	at sun.reflect.NativeConstructorAccessorImpl.newInstance0(Native Method)
	at sun.reflect.NativeConstructorAccessorImpl.newInstance(NativeConstructorAccessorImpl.java:62)
	at sun.reflect.DelegatingConstructorAccessorImpl.newInstance(DelegatingConstructorAccessorImpl.java:45)
	at java.lang.reflect.Constructor.newInstance(Constructor.java:423)
	at org.openqa.selenium.remote.http.W3CHttpResponseCodec.createException(W3CHttpResponseCodec.java:187)
	at org.openqa.selenium.remote.http.W3CHttpResponseCodec.decode(W3CHttpResponseCodec.java:122)
	at org.openqa.selenium.remote.http.W3CHttpResponseCodec.decode(W3CHttpResponseCodec.java:49)
	at org.openqa.selenium.remote.HttpCommandExecutor.execute(HttpCommandExecutor.java:158)
	at org.openqa.selenium.remote.service.DriverCommandExecutor.execute(DriverCommandExecutor.java:83)
	at org.openqa.selenium.remote.RemoteWebDriver.execute(RemoteWebDriver.java:552)
	at org.openqa.selenium.remote.RemoteWebDriver.findElement(RemoteWebDriver.java:323)
	at org.openqa.selenium.remote.RemoteWebDriver.findElementByXPath(RemoteWebDriver.java:428)
	at org.openqa.selenium.By$ByXPath.findElement(By.java:353)
	at org.openqa.selenium.remote.RemoteWebDriver.findElement(RemoteWebDriver.java:315)
	at pageObject.LoginPage.error(LoginPage.java:42)
	at orientexchange.TC_LoginPage.login_page(TC_LoginPage.java:61)
	at sun.reflect.NativeMethodAccessorImpl.invoke0(Native Method)
	at sun.reflect.NativeMethodAccessorImpl.invoke(NativeMethodAccessorImpl.java:62)
	at sun.reflect.DelegatingMethodAccessorImpl.invoke(DelegatingMethodAccessorImpl.java:43)
	at java.lang.reflect.Method.invoke(Method.java:498)
	at org.testng.internal.MethodInvocationHelper.invokeMethod(MethodInvocationHelper.java:85)
	at org.testng.internal.Invoker.invokeMethod(Invoker.java:639)
	at org.testng.internal.Invoker.invokeTestMethod(Invoker.java:816)
	at org.testng.internal.Invoker.invokeTestMethods(Invoker.java:1124)
	at org.testng.internal.TestMethodWorker.invokeTestMethods(TestMethodWorker.java:125)
	at org.testng.internal.TestMethodWorker.run(TestMethodWorker.java:108)
	at org.testng.TestRunner.privateRun(TestRunner.java:774)
	at org.testng.TestRunner.run(TestRunner.java:624)
	at org.testng.SuiteRunner.runTest(SuiteRunner.java:359)
	at org.testng.SuiteRunner.runSequentially(SuiteRunner.java:354)
	at org.testng.SuiteRunner.privateRun(SuiteRunner.java:312)
	at org.testng.SuiteRunner.run(SuiteRunner.java:261)
	at org.testng.SuiteRunnerWorker.runSuite(SuiteRunnerWorker.java:52)
	at org.testng.SuiteRunnerWorker.run(SuiteRunnerWorker.java:86)
	at org.testng.TestNG.runSuitesSequentially(TestNG.java:1191)
	at org.testng.TestNG.runSuitesLocally(TestNG.java:1116)
	at org.testng.TestNG.run(TestNG.java:1024)
	at org.apache.maven.surefire.testng.TestNGExecutor.run(TestNGExecutor.java:284)
	at org.apache.maven.surefire.testng.TestNGXmlTestSuite.execute(TestNGXmlTestSuite.java:75)
	at org.apache.maven.surefire.testng.TestNGProvider.invoke(TestNGProvider.java:119)
	at org.apache.maven.surefire.booter.ForkedBooter.runSuitesInProcess(ForkedBooter.java:428)
	at org.apache.maven.surefire.booter.ForkedBooter.execute(ForkedBooter.java:162)
	at org.apache.maven.surefire.booter.ForkedBooter.run(ForkedBooter.java:562)
	at org.apache.maven.surefire.booter.ForkedBooter.main(ForkedBooter.java:548)
]]>
            </full-stacktrace>
          </exception> <!-- org.openqa.selenium.NoSuchElementException -->
          <reporter-output>
          </reporter-output>
        </test-method> <!-- login_page -->
        <test-method status="PASS" signature="teardown()[pri:0, instance:orientexchange.TC_LoginPage@cd1e646]" name="teardown" is-config="true" duration-ms="859" started-at="2021-07-02T01:46:33Z" finished-at="2021-07-02T01:46:34Z">
          <reporter-output>
          </reporter-output>
        </test-method> <!-- teardown -->
        <test-method status="PASS" signature="initdriver()[pri:0, instance:orientexchange.TC_LoginPage@cd1e646]" name="initdriver" is-config="true" duration-ms="10525" started-at="2021-07-02T01:46:34Z" finished-at="2021-07-02T01:46:45Z">
          <reporter-output>
          </reporter-output>
        </test-method> <!-- initdriver -->
        <test-method status="FAIL" signature="login_page(java.lang.String, java.lang.String)[pri:0, instance:orientexchange.TC_LoginPage@cd1e646]" name="login_page" duration-ms="8003" started-at="2021-07-02T01:46:45Z" data-provider="Getdata" finished-at="2021-07-02T01:46:53Z">
          <params>
            <param index="0">
              <value>
                <![CDATA[i@orientexchange.in]]>
              </value>
            </param>
            <param index="1">
              <value>
                <![CDATA[orient@123]]>
              </value>
            </param>
          </params>
          <exception class="java.lang.AssertionError">
            <message>
              <![CDATA[The following asserts failed:
	expected [  Email Id or Password does not exist !] but found [  Email Id or Password does not exist. !]]]>
            </message>
            <full-stacktrace>
              <![CDATA[java.lang.AssertionError: The following asserts failed:
	expected [  Email Id or Password does not exist !] but found [  Email Id or Password does not exist. !]
	at org.testng.asserts.SoftAssert.assertAll(SoftAssert.java:43)
	at orientexchange.TC_LoginPage.login_page(TC_LoginPage.java:64)
	at sun.reflect.NativeMethodAccessorImpl.invoke0(Native Method)
	at sun.reflect.NativeMethodAccessorImpl.invoke(NativeMethodAccessorImpl.java:62)
	at sun.reflect.DelegatingMethodAccessorImpl.invoke(DelegatingMethodAccessorImpl.java:43)
	at java.lang.reflect.Method.invoke(Method.java:498)
	at org.testng.internal.MethodInvocationHelper.invokeMethod(MethodInvocationHelper.java:85)
	at org.testng.internal.Invoker.invokeMethod(Invoker.java:639)
	at org.testng.internal.Invoker.invokeTestMethod(Invoker.java:816)
	at org.testng.internal.Invoker.invokeTestMethods(Invoker.java:1124)
	at org.testng.internal.TestMethodWorker.invokeTestMethods(TestMethodWorker.java:125)
	at org.testng.internal.TestMethodWorker.run(TestMethodWorker.java:108)
	at org.testng.TestRunner.privateRun(TestRunner.java:774)
	at org.testng.TestRunner.run(TestRunner.java:624)
	at org.testng.SuiteRunner.runTest(SuiteRunner.java:359)
	at org.testng.SuiteRunner.runSequentially(SuiteRunner.java:354)
	at org.testng.SuiteRunner.privateRun(SuiteRunner.java:312)
	at org.testng.SuiteRunner.run(SuiteRunner.java:261)
	at org.testng.SuiteRunnerWorker.runSuite(SuiteRunnerWorker.java:52)
	at org.testng.SuiteRunnerWorker.run(SuiteRunnerWorker.java:86)
	at org.testng.TestNG.runSuitesSequentially(TestNG.java:1191)
	at org.testng.TestNG.runSuitesLocally(TestNG.java:1116)
	at org.testng.TestNG.run(TestNG.java:1024)
	at org.apache.maven.surefire.testng.TestNGExecutor.run(TestNGExecutor.java:284)
	at org.apache.maven.surefire.testng.TestNGXmlTestSuite.execute(TestNGXmlTestSuite.java:75)
	at org.apache.maven.surefire.testng.TestNGProvider.invoke(TestNGProvider.java:119)
	at org.apache.maven.surefire.booter.ForkedBooter.runSuitesInProcess(ForkedBooter.java:428)
	at org.apache.maven.surefire.booter.ForkedBooter.execute(ForkedBooter.java:162)
	at org.apache.maven.surefire.booter.ForkedBooter.run(ForkedBooter.java:562)
	at org.apache.maven.surefire.booter.ForkedBooter.main(ForkedBooter.java:548)
]]>
            </full-stacktrace>
          </exception> <!-- java.lang.AssertionError -->
          <reporter-output>
          </reporter-output>
        </test-method> <!-- login_page -->
        <test-method status="PASS" signature="teardown()[pri:0, instance:orientexchange.TC_LoginPage@cd1e646]" name="teardown" is-config="true" duration-ms="832" started-at="2021-07-02T01:46:53Z" finished-at="2021-07-02T01:46:54Z">
          <reporter-output>
          </reporter-output>
        </test-method> <!-- teardown -->
        <test-method status="PASS" signature="initdriver()[pri:0, instance:orientexchange.TC_LoginPage@cd1e646]" name="initdriver" is-config="true" duration-ms="9629" started-at="2021-07-02T01:46:54Z" finished-at="2021-07-02T01:47:04Z">
          <reporter-output>
          </reporter-output>
        </test-method> <!-- initdriver -->
        <test-method status="FAIL" signature="login_page(java.lang.String, java.lang.String)[pri:0, instance:orientexchange.TC_LoginPage@cd1e646]" name="login_page" duration-ms="9399" started-at="2021-07-02T01:47:04Z" data-provider="Getdata" finished-at="2021-07-02T01:47:13Z">
          <params>
            <param index="0">
              <value>
                <![CDATA[it@orientexchange.in]]>
              </value>
            </param>
            <param index="1">
              <value>
                <![CDATA[orient@13]]>
              </value>
            </param>
          </params>
          <exception class="java.lang.AssertionError">
            <message>
              <![CDATA[The following asserts failed:
	expected [  Email Id or Password does not exist !] but found [  Email Id or Password does not exist. !]]]>
            </message>
            <full-stacktrace>
              <![CDATA[java.lang.AssertionError: The following asserts failed:
	expected [  Email Id or Password does not exist !] but found [  Email Id or Password does not exist. !]
	at org.testng.asserts.SoftAssert.assertAll(SoftAssert.java:43)
	at orientexchange.TC_LoginPage.login_page(TC_LoginPage.java:64)
	at sun.reflect.NativeMethodAccessorImpl.invoke0(Native Method)
	at sun.reflect.NativeMethodAccessorImpl.invoke(NativeMethodAccessorImpl.java:62)
	at sun.reflect.DelegatingMethodAccessorImpl.invoke(DelegatingMethodAccessorImpl.java:43)
	at java.lang.reflect.Method.invoke(Method.java:498)
	at org.testng.internal.MethodInvocationHelper.invokeMethod(MethodInvocationHelper.java:85)
	at org.testng.internal.Invoker.invokeMethod(Invoker.java:639)
	at org.testng.internal.Invoker.invokeTestMethod(Invoker.java:816)
	at org.testng.internal.Invoker.invokeTestMethods(Invoker.java:1124)
	at org.testng.internal.TestMethodWorker.invokeTestMethods(TestMethodWorker.java:125)
	at org.testng.internal.TestMethodWorker.run(TestMethodWorker.java:108)
	at org.testng.TestRunner.privateRun(TestRunner.java:774)
	at org.testng.TestRunner.run(TestRunner.java:624)
	at org.testng.SuiteRunner.runTest(SuiteRunner.java:359)
	at org.testng.SuiteRunner.runSequentially(SuiteRunner.java:354)
	at org.testng.SuiteRunner.privateRun(SuiteRunner.java:312)
	at org.testng.SuiteRunner.run(SuiteRunner.java:261)
	at org.testng.SuiteRunnerWorker.runSuite(SuiteRunnerWorker.java:52)
	at org.testng.SuiteRunnerWorker.run(SuiteRunnerWorker.java:86)
	at org.testng.TestNG.runSuitesSequentially(TestNG.java:1191)
	at org.testng.TestNG.runSuitesLocally(TestNG.java:1116)
	at org.testng.TestNG.run(TestNG.java:1024)
	at org.apache.maven.surefire.testng.TestNGExecutor.run(TestNGExecutor.java:284)
	at org.apache.maven.surefire.testng.TestNGXmlTestSuite.execute(TestNGXmlTestSuite.java:75)
	at org.apache.maven.surefire.testng.TestNGProvider.invoke(TestNGProvider.java:119)
	at org.apache.maven.surefire.booter.ForkedBooter.runSuitesInProcess(ForkedBooter.java:428)
	at org.apache.maven.surefire.booter.ForkedBooter.execute(ForkedBooter.java:162)
	at org.apache.maven.surefire.booter.ForkedBooter.run(ForkedBooter.java:562)
	at org.apache.maven.surefire.booter.ForkedBooter.main(ForkedBooter.java:548)
]]>
            </full-stacktrace>
          </exception> <!-- java.lang.AssertionError -->
          <reporter-output>
          </reporter-output>
        </test-method> <!-- login_page -->
        <test-method status="PASS" signature="teardown()[pri:0, instance:orientexchange.TC_LoginPage@cd1e646]" name="teardown" is-config="true" duration-ms="846" started-at="2021-07-02T01:47:13Z" finished-at="2021-07-02T01:47:14Z">
          <reporter-output>
          </reporter-output>
        </test-method> <!-- teardown -->
        <test-method status="PASS" signature="initdriver()[pri:0, instance:orientexchange.TC_LoginPage@cd1e646]" name="initdriver" is-config="true" duration-ms="11236" started-at="2021-07-02T01:47:14Z" finished-at="2021-07-02T01:47:25Z">
          <reporter-output>
          </reporter-output>
        </test-method> <!-- initdriver -->
        <test-method status="FAIL" signature="login_page(java.lang.String, java.lang.String)[pri:0, instance:orientexchange.TC_LoginPage@cd1e646]" name="login_page" duration-ms="8505" started-at="2021-07-02T01:47:25Z" data-provider="Getdata" finished-at="2021-07-02T01:47:34Z">
          <params>
            <param index="0">
              <value>
                <![CDATA[i@orientexchange.in]]>
              </value>
            </param>
            <param index="1">
              <value>
                <![CDATA[orient@12]]>
              </value>
            </param>
          </params>
          <exception class="java.lang.AssertionError">
            <message>
              <![CDATA[The following asserts failed:
	expected [  Email Id or Password does not exist !] but found [  Email Id or Password does not exist. !]]]>
            </message>
            <full-stacktrace>
              <![CDATA[java.lang.AssertionError: The following asserts failed:
	expected [  Email Id or Password does not exist !] but found [  Email Id or Password does not exist. !]
	at org.testng.asserts.SoftAssert.assertAll(SoftAssert.java:43)
	at orientexchange.TC_LoginPage.login_page(TC_LoginPage.java:64)
	at sun.reflect.NativeMethodAccessorImpl.invoke0(Native Method)
	at sun.reflect.NativeMethodAccessorImpl.invoke(NativeMethodAccessorImpl.java:62)
	at sun.reflect.DelegatingMethodAccessorImpl.invoke(DelegatingMethodAccessorImpl.java:43)
	at java.lang.reflect.Method.invoke(Method.java:498)
	at org.testng.internal.MethodInvocationHelper.invokeMethod(MethodInvocationHelper.java:85)
	at org.testng.internal.Invoker.invokeMethod(Invoker.java:639)
	at org.testng.internal.Invoker.invokeTestMethod(Invoker.java:816)
	at org.testng.internal.Invoker.invokeTestMethods(Invoker.java:1124)
	at org.testng.internal.TestMethodWorker.invokeTestMethods(TestMethodWorker.java:125)
	at org.testng.internal.TestMethodWorker.run(TestMethodWorker.java:108)
	at org.testng.TestRunner.privateRun(TestRunner.java:774)
	at org.testng.TestRunner.run(TestRunner.java:624)
	at org.testng.SuiteRunner.runTest(SuiteRunner.java:359)
	at org.testng.SuiteRunner.runSequentially(SuiteRunner.java:354)
	at org.testng.SuiteRunner.privateRun(SuiteRunner.java:312)
	at org.testng.SuiteRunner.run(SuiteRunner.java:261)
	at org.testng.SuiteRunnerWorker.runSuite(SuiteRunnerWorker.java:52)
	at org.testng.SuiteRunnerWorker.run(SuiteRunnerWorker.java:86)
	at org.testng.TestNG.runSuitesSequentially(TestNG.java:1191)
	at org.testng.TestNG.runSuitesLocally(TestNG.java:1116)
	at org.testng.TestNG.run(TestNG.java:1024)
	at org.apache.maven.surefire.testng.TestNGExecutor.run(TestNGExecutor.java:284)
	at org.apache.maven.surefire.testng.TestNGXmlTestSuite.execute(TestNGXmlTestSuite.java:75)
	at org.apache.maven.surefire.testng.TestNGProvider.invoke(TestNGProvider.java:119)
	at org.apache.maven.surefire.booter.ForkedBooter.runSuitesInProcess(ForkedBooter.java:428)
	at org.apache.maven.surefire.booter.ForkedBooter.execute(ForkedBooter.java:162)
	at org.apache.maven.surefire.booter.ForkedBooter.run(ForkedBooter.java:562)
	at org.apache.maven.surefire.booter.ForkedBooter.main(ForkedBooter.java:548)
]]>
            </full-stacktrace>
          </exception> <!-- java.lang.AssertionError -->
          <reporter-output>
          </reporter-output>
        </test-method> <!-- login_page -->
        <test-method status="PASS" signature="teardown()[pri:0, instance:orientexchange.TC_LoginPage@cd1e646]" name="teardown" is-config="true" duration-ms="845" started-at="2021-07-02T01:47:34Z" finished-at="2021-07-02T01:47:35Z">
          <reporter-output>
          </reporter-output>
        </test-method> <!-- teardown -->
      </class> <!-- orientexchange.TC_LoginPage -->
    </test> <!-- Test -->
  </suite> <!-- Suite -->
</testng-results>
