<?xml version="1.0" encoding="UTF-8"?>
<testng-results ignored="0" total="1" passed="1" failed="0" skipped="0">
  <reporter-output>
  </reporter-output>
  <suite started-at="2021-07-03T15:43:39 IST" name="Default suite" finished-at="2021-07-03T15:44:06 IST" duration-ms="27501">
    <groups>
    </groups>
    <test started-at="2021-07-03T15:43:39 IST" name="Default test" finished-at="2021-07-03T15:44:06 IST" duration-ms="27501">
      <class name="orientexchange.TC_Sell_Currency">
        <test-method is-config="true" signature="properties()[pri:0, instance:orientexchange.TC_Sell_Currency@4d098f9b]" started-at="2021-07-03T15:43:39 IST" name="properties" finished-at="2021-07-03T15:43:39 IST" duration-ms="10" status="PASS">
          <reporter-output>
          </reporter-output>
        </test-method> <!-- properties -->
        <test-method is-config="true" signature="initiate()[pri:0, instance:orientexchange.TC_Sell_Currency@4d098f9b]" started-at="2021-07-03T15:43:39 IST" name="initiate" finished-at="2021-07-03T15:43:49 IST" duration-ms="10100" status="PASS">
          <reporter-output>
          </reporter-output>
        </test-method> <!-- initiate -->
        <test-method signature="sell_currency(java.lang.String,java.lang.String)[pri:0, instance:orientexchange.TC_Sell_Currency@4d098f9b]" started-at="2021-07-03T15:43:49 IST" name="sell_currency" data-provider="getData" finished-at="2021-07-03T15:44:06 IST" duration-ms="16863" status="PASS">
          <params>
            <param index="0">
              <value>
                <![CDATA[it@orientexchange.in]]>
              </value>
            </param>
            <param index="1">
              <value>
                <![CDATA[orient@123]]>
              </value>
            </param>
          </params>
          <reporter-output>
          </reporter-output>
        </test-method> <!-- sell_currency -->
        <test-method is-config="true" signature="teardown()[pri:0, instance:orientexchange.TC_Sell_Currency@4d098f9b]" started-at="2021-07-03T15:44:06 IST" name="teardown" finished-at="2021-07-03T15:44:06 IST" duration-ms="464" status="PASS">
          <reporter-output>
          </reporter-output>
        </test-method> <!-- teardown -->
      </class> <!-- orientexchange.TC_Sell_Currency -->
    </test> <!-- Default test -->
  </suite> <!-- Default suite -->
</testng-results>
